[0m[[0m[0mdebug[0m] [0m[0m> Exec(testOnly fp1tests, Some(6641e2dd-92cf-4d96-af09-bc35228a9444), Some(CommandSource(console0)))[0m
[0m[[0m[0mdebug[0m] [0m[0mEvaluating tasks: Test / testOnly[0m
[0m[[0m[0mdebug[0m] [0m[0mRunning task... Cancel: Signal, check cycles: false, forcegc: true[0m
[0m[[0m[0minfo[0m] [0m[0m[32mfp1tests:[0m[0m
[0m[[0m[0minfo[0m] [0m[0m[32m- EX01 - factTest[0m[0m
[0m[[0m[0minfo[0m] [0m[0m[32m- EX02 - fib[0m[0m
[0m[[0m[0minfo[0m] [0m[0m[32m- EX03 - p1[0m[0m
[0m[[0m[0minfo[0m] [0m[0m[32m- EX04 - t1[0m[0m
[0m[[0m[0minfo[0m] [0m[0m[32m- EX05 - swap[0m[0m
[0m[[0m[0minfo[0m] [0m[0m[32m- EX06 - sum[0m[0m
[0m[[0m[0minfo[0m] [0m[0m[32m- EX07 - sumTail[0m[0m
[0m[[0m[0minfo[0m] [0m[0m[32m- EX08 - maxList[0m[0m
[0m[[0m[0minfo[0m] [0m[0m[32m- EX09 - maxTailAux[0m[0m
[0m[[0m[0minfo[0m] [0m[0m[32m- EX10 - otpu[0m[0m
[0m[[0m[0minfo[0m] [0m[0m[36mRun completed in 285 milliseconds.[0m[0m
[0m[[0m[0minfo[0m] [0m[0m[36mTotal number of tests run: 10[0m[0m
[0m[[0m[0minfo[0m] [0m[0m[36mSuites: completed 1, aborted 0[0m[0m
[0m[[0m[0minfo[0m] [0m[0m[36mTests: succeeded 10, failed 0, canceled 0, ignored 0, pending 0[0m[0m
[0m[[0m[0minfo[0m] [0m[0m[32mAll tests passed.[0m[0m
[0m[[0m[32msuccess[0m] [0m[0mTotal time: 1 s, completed Jan 20, 2023, 10:20:03 PM[0m
[0m[[0m[0mdebug[0m] [0m[0m> Exec(shell, None, None)[0m
